<?xml version="1.0" encoding="UTF-8"?>
<!-- Generated by org.testng.reporters.JUnitReportReporter -->
<testsuite hostname="ojt5-PC" name="DriverClass.DriverScript" tests="1" failures="0" timestamp="28 Nov 2019 07:40:00 GMT" time="25.372" errors="0">
  <testcase name="main" time="25.372" classname="DriverClass.DriverScript"/>
</testsuite> <!-- DriverClass.DriverScript -->
